CRITICAL - 2023-12-18 03:50:58 --> Config\App::$baseURL is invalid.
in SYSTEMPATH\HTTP\SiteURI.php on line 199.
 1 SYSTEMPATH\HTTP\SiteURI.php(145): CodeIgniter\HTTP\SiteURI->normalizeBaseURL(Object(Config\App))
 2 SYSTEMPATH\HTTP\SiteURI.php(100): CodeIgniter\HTTP\SiteURI->determineBaseURL(Object(Config\App), null, null)
 3 SYSTEMPATH\HTTP\CLIRequest.php(78): CodeIgniter\HTTP\SiteURI->__construct(Object(Config\App), 'serve')
 4 SYSTEMPATH\Config\Services.php(144): CodeIgniter\HTTP\CLIRequest->__construct(Object(Config\App))
 5 SYSTEMPATH\Config\BaseService.php(258): CodeIgniter\Config\Services::clirequest(Object(Config\App), false)
 6 SYSTEMPATH\Config\BaseService.php(199): CodeIgniter\Config\BaseService::__callStatic('clirequest', [...])
 7 SYSTEMPATH\Config\Services.php(139): CodeIgniter\Config\BaseService::getSharedInstance('clirequest', Object(Config\App))
 8 SYSTEMPATH\Config\BaseService.php(258): CodeIgniter\Config\Services::clirequest(Object(Config\App))
 9 SYSTEMPATH\Config\Services.php(537): CodeIgniter\Config\BaseService::__callStatic('clirequest', [...])
10 SYSTEMPATH\Config\BaseService.php(258): CodeIgniter\Config\Services::createRequest(Object(Config\App), true)
11 SYSTEMPATH\CLI\Console.php(37): CodeIgniter\Config\BaseService::__callStatic('createRequest', [...])
12 ROOTPATH\spark(102): CodeIgniter\CLI\Console->run()
CRITICAL - 2023-12-18 03:50:58 --> Uncaught CodeIgniter\Exceptions\ConfigException: Config\App::$baseURL is invalid. in F:\Mizanur_Rahman_1277622\XAMPP_7.4.3\htdocs\codeigniter\ci_project1\system\HTTP\SiteURI.php:199
Stack trace:
#0 F:\Mizanur_Rahman_1277622\XAMPP_7.4.3\htdocs\codeigniter\ci_project1\system\HTTP\SiteURI.php(145): CodeIgniter\HTTP\SiteURI->normalizeBaseURL(Object(Config\App))
#1 F:\Mizanur_Rahman_1277622\XAMPP_7.4.3\htdocs\codeigniter\ci_project1\system\HTTP\SiteURI.php(100): CodeIgniter\HTTP\SiteURI->determineBaseURL(Object(Config\App), NULL, NULL)
#2 F:\Mizanur_Rahman_1277622\XAMPP_7.4.3\htdocs\codeigniter\ci_project1\system\HTTP\SiteURIFactory.php(224): CodeIgniter\HTTP\SiteURI->__construct(Object(Config\App), '/', NULL)
#3 F:\Mizanur_Rahman_1277622\XAMPP_7.4.3\htdocs\codeigniter\ci_project1\system\HTTP\SiteURIFactory.php(45): CodeIgniter\HTTP\SiteURIFactory->createURIFromRoutePath('/')
#4 F:\Mizanur_Rahman_1277622\XAMPP_7.4.3\htdocs\codeigniter\ci_project1\system\Config\Services.php(799): CodeIgniter\HTTP\SiteURIFactory->cr
【Previous Exception】
CodeIgniter\Exceptions\ConfigException
Config\App::$baseURL is invalid.
#0 F:\Mizanur_Rahman_1277622\XAMPP_7.4.3\htdocs\codeigniter\ci_project1\system\HTTP\SiteURI.php(145): CodeIgniter\HTTP\SiteURI->normalizeBaseURL(Object(Config\App))
#1 F:\Mizanur_Rahman_1277622\XAMPP_7.4.3\htdocs\codeigniter\ci_project1\system\HTTP\SiteURI.php(100): CodeIgniter\HTTP\SiteURI->determineBaseURL(Object(Config\App), NULL, NULL)
#2 F:\Mizanur_Rahman_1277622\XAMPP_7.4.3\htdocs\codeigniter\ci_project1\system\HTTP\CLIRequest.php(78): CodeIgniter\HTTP\SiteURI->__construct(Object(Config\App), 'serve')
#3 F:\Mizanur_Rahman_1277622\XAMPP_7.4.3\htdocs\codeigniter\ci_project1\system\Config\Services.php(144): CodeIgniter\HTTP\CLIRequest->__construct(Object(Config\App))
#4 F:\Mizanur_Rahman_1277622\XAMPP_7.4.3\htdocs\codeigniter\ci_project1\system\Config\BaseService.php(258): CodeIgniter\Config\Services::clirequest(Object(Config\App), false)
#5 F:\Mizanur_Rahman_1277622\XAMPP_7.4.3\htdocs\codeigniter\ci_project1\system\Config\BaseService.php(199): CodeIgniter\Config\BaseService::__callStatic('clirequest', Array)
#6 F:\Mizanur_Rahman_1277622\XAMPP_7.4.3\htdocs\codeigniter\ci_project1\system\Config\Services.php(139): CodeIgniter\Config\BaseService::getSharedInstance('clirequest', Object(Config\App))
#7 F:\Mizanur_Rahman_1277622\XAMPP_7.4.3\htdocs\codeigniter\ci_project1\system\Config\BaseService.php(258): CodeIgniter\Config\Services::clirequest(Object(Config\App))
#8 F:\Mizanur_Rahman_1277622\XAMPP_7.4.3\htdocs\codeigniter\ci_project1\system\Config\Services.php(537): CodeIgniter\Config\BaseService::__callStatic('clirequest', Array)
#9 F:\Mizanur_Rahman_1277622\XAMPP_7.4.3\htdocs\codeigniter\ci_project1\system\Config\BaseService.php(258): CodeIgniter\Config\Services::createRequest(Object(Config\App), true)
#10 F:\Mizanur_Rahman_1277622\XAMPP_7.4.3\htdocs\codeigniter\ci_project1\system\CLI\Console.php(37): CodeIgniter\Config\BaseService::__callStatic('createRequest', Array)
#11 F:\Mizanur_Rahman_1277622\XAMPP_7.4.3\htdocs\codeigniter\ci_project1\spark(102): CodeIgniter\CLI\Console->run()
#12 {main}
in SYSTEMPATH\HTTP\SiteURI.php on line 199.
 1 [internal function]: CodeIgniter\Debug\Exceptions->shutdownHandler()
INFO - 2023-12-18 03:53:49 --> Session: Class initialized using 'CodeIgniter\Session\Handlers\FileHandler' driver.
INFO - 2023-12-18 04:36:56 --> Session: Class initialized using 'CodeIgniter\Session\Handlers\FileHandler' driver.
INFO - 2023-12-18 04:36:56 --> Session: Class initialized using 'CodeIgniter\Session\Handlers\FileHandler' driver.
INFO - 2023-12-18 04:37:06 --> Session: Class initialized using 'CodeIgniter\Session\Handlers\FileHandler' driver.
INFO - 2023-12-18 04:37:06 --> Session: Class initialized using 'CodeIgniter\Session\Handlers\FileHandler' driver.
INFO - 2023-12-18 04:37:09 --> Session: Class initialized using 'CodeIgniter\Session\Handlers\FileHandler' driver.
INFO - 2023-12-18 05:08:53 --> Session: Class initialized using 'CodeIgniter\Session\Handlers\FileHandler' driver.
INFO - 2023-12-18 10:16:36 --> Session: Class initialized using 'CodeIgniter\Session\Handlers\FileHandler' driver.
INFO - 2023-12-18 10:16:36 --> Session: Class initialized using 'CodeIgniter\Session\Handlers\FileHandler' driver.
INFO - 2023-12-18 10:16:48 --> Session: Class initialized using 'CodeIgniter\Session\Handlers\FileHandler' driver.
ERROR - 2023-12-18 10:16:48 --> mysqli_sql_exception: Table 'ci_project1.users' doesn't exist in E:\Mizanur Rahman\WDPF\XAMPP_7.4.3\htdocs\codeigniter\ci_project1\system\Database\MySQLi\Connection.php:306
Stack trace:
#0 E:\Mizanur Rahman\WDPF\XAMPP_7.4.3\htdocs\codeigniter\ci_project1\system\Database\MySQLi\Connection.php(306): mysqli->query('SELECT *\nFROM `...', 0)
#1 E:\Mizanur Rahman\WDPF\XAMPP_7.4.3\htdocs\codeigniter\ci_project1\system\Database\BaseConnection.php(693): CodeIgniter\Database\MySQLi\Connection->execute('SELECT *\nFROM `...')
#2 E:\Mizanur Rahman\WDPF\XAMPP_7.4.3\htdocs\codeigniter\ci_project1\system\Database\BaseConnection.php(607): CodeIgniter\Database\BaseConnection->simpleQuery('SELECT *\nFROM `...')
#3 E:\Mizanur Rahman\WDPF\XAMPP_7.4.3\htdocs\codeigniter\ci_project1\system\Database\BaseBuilder.php(1615): CodeIgniter\Database\BaseConnection->query('SELECT *\nFROM `...', Array, false)
#4 E:\Mizanur Rahman\WDPF\XAMPP_7.4.3\htdocs\codeigniter\ci_project1\system\Model.php(264): CodeIgniter\Database\BaseBuilder->get()
#5 E:\Mizanur Rahman\WDPF\XAMPP_7.4.3\htdocs\codeigniter\ci_project1\system\BaseModel.php(662): CodeIgniter\Model->doFirst()
#6 E:\Mizanur Rahman\WDPF\XAMPP_7.4.3\htdocs\codeigniter\ci_project1\app\Controllers\SigninController.php(29): CodeIgniter\BaseModel->first()
#7 E:\Mizanur Rahman\WDPF\XAMPP_7.4.3\htdocs\codeigniter\ci_project1\system\CodeIgniter.php(942): App\Controllers\SigninController->login()
#8 E:\Mizanur Rahman\WDPF\XAMPP_7.4.3\htdocs\codeigniter\ci_project1\system\CodeIgniter.php(502): CodeIgniter\CodeIgniter->runController(Object(App\Controllers\SigninController))
#9 E:\Mizanur Rahman\WDPF\XAMPP_7.4.3\htdocs\codeigniter\ci_project1\system\CodeIgniter.php(361): CodeIgniter\CodeIgniter->handleRequest(NULL, Object(Config\Cache), false)
#10 E:\Mizanur Rahman\WDPF\XAMPP_7.4.3\htdocs\codeigniter\ci_project1\public\index.php(79): CodeIgniter\CodeIgniter->run()
#11 E:\Mizanur Rahman\WDPF\XAMPP_7.4.3\htdocs\codeigniter\ci_project1\system\Commands\Server\rewrite.php(47): require_once('E:\\Mizanur Rahm...')
#12 {main}
CRITICAL - 2023-12-18 10:16:48 --> Table 'ci_project1.users' doesn't exist
in SYSTEMPATH\Database\BaseConnection.php on line 647.
 1 SYSTEMPATH\Database\BaseBuilder.php(1615): CodeIgniter\Database\BaseConnection->query('SELECT *
FROM `users`
WHERE `email` = :email:
 LIMIT 1', [...], false)
 2 SYSTEMPATH\Model.php(264): CodeIgniter\Database\BaseBuilder->get()
 3 SYSTEMPATH\BaseModel.php(662): CodeIgniter\Model->doFirst()
 4 APPPATH\Controllers\SigninController.php(29): CodeIgniter\BaseModel->first()
 5 SYSTEMPATH\CodeIgniter.php(942): App\Controllers\SigninController->login()
 6 SYSTEMPATH\CodeIgniter.php(502): CodeIgniter\CodeIgniter->runController(Object(App\Controllers\SigninController))
 7 SYSTEMPATH\CodeIgniter.php(361): CodeIgniter\CodeIgniter->handleRequest(null, Object(Config\Cache), false)
 8 FCPATH\index.php(79): CodeIgniter\CodeIgniter->run()
 9 SYSTEMPATH\Commands\Server\rewrite.php(47): require_once('E:\\Mizanur Rahman\\WDPF\\XAMPP_7.4.3\\htdocs\\codeigniter\\ci_project1\\public\\index.php')
INFO - 2023-12-18 10:18:00 --> Session: Class initialized using 'CodeIgniter\Session\Handlers\FileHandler' driver.
INFO - 2023-12-18 10:18:00 --> Session: Class initialized using 'CodeIgniter\Session\Handlers\FileHandler' driver.
INFO - 2023-12-18 10:18:03 --> Session: Class initialized using 'CodeIgniter\Session\Handlers\FileHandler' driver.
INFO - 2023-12-18 10:24:41 --> Session: Class initialized using 'CodeIgniter\Session\Handlers\FileHandler' driver.
