INFO - 2023-12-04 03:53:29 --> Session: Class initialized using 'CodeIgniter\Session\Handlers\FileHandler' driver.
CRITICAL - 2023-12-04 03:53:31 --> Undefined variable: title
in APPPATH\Views\products\create.php on line 13.
 1 APPPATH\Views\products\create.php(13): CodeIgniter\Debug\Exceptions->errorHandler(8, 'Undefined variable: title', 'F:\\Mizanur_Rahman_1277622\\XAMPP_7.4.3\\htdocs\\codeigniter\\ci_project1\\app\\Views\\products\\create.php', 13, [])
 2 SYSTEMPATH\View\View.php(228): include('F:\\Mizanur_Rahman_1277622\\XAMPP_7.4.3\\htdocs\\codeigniter\\ci_project1\\app\\Views\\products\\create.php')
 3 SYSTEMPATH\View\View.php(231): CodeIgniter\View\View->CodeIgniter\View\{closure}()
 4 SYSTEMPATH\Common.php(1190): CodeIgniter\View\View->render('products/create', [], true)
 5 APPPATH\Controllers\ProductController.php(32): view('products/create')
 6 SYSTEMPATH\CodeIgniter.php(942): App\Controllers\ProductController->create()
 7 SYSTEMPATH\CodeIgniter.php(502): CodeIgniter\CodeIgniter->runController(Object(App\Controllers\ProductController))
 8 SYSTEMPATH\CodeIgniter.php(361): CodeIgniter\CodeIgniter->handleRequest(null, Object(Config\Cache), false)
 9 FCPATH\index.php(79): CodeIgniter\CodeIgniter->run()
10 SYSTEMPATH\Commands\Server\rewrite.php(47): require_once('F:\\Mizanur_Rahman_1277622\\XAMPP_7.4.3\\htdocs\\codeigniter\\ci_project1\\public\\index.php')
INFO - 2023-12-04 03:53:47 --> Session: Class initialized using 'CodeIgniter\Session\Handlers\FileHandler' driver.
INFO - 2023-12-04 03:55:09 --> Session: Class initialized using 'CodeIgniter\Session\Handlers\FileHandler' driver.
INFO - 2023-12-04 03:55:45 --> Session: Class initialized using 'CodeIgniter\Session\Handlers\FileHandler' driver.
INFO - 2023-12-04 03:58:43 --> Session: Class initialized using 'CodeIgniter\Session\Handlers\FileHandler' driver.
INFO - 2023-12-04 03:58:58 --> Session: Class initialized using 'CodeIgniter\Session\Handlers\FileHandler' driver.
INFO - 2023-12-04 04:17:21 --> Session: Class initialized using 'CodeIgniter\Session\Handlers\FileHandler' driver.
INFO - 2023-12-04 04:17:26 --> Session: Class initialized using 'CodeIgniter\Session\Handlers\FileHandler' driver.
INFO - 2023-12-04 04:20:51 --> Session: Class initialized using 'CodeIgniter\Session\Handlers\FileHandler' driver.
INFO - 2023-12-04 04:20:54 --> Session: Class initialized using 'CodeIgniter\Session\Handlers\FileHandler' driver.
INFO - 2023-12-04 04:35:37 --> Session: Class initialized using 'CodeIgniter\Session\Handlers\FileHandler' driver.
ERROR - 2023-12-04 04:35:41 --> mysqli_sql_exception: Unknown column 'id' in 'where clause' in F:\Mizanur_Rahman_1277622\XAMPP_7.4.3\htdocs\codeigniter\ci_project1\system\Database\MySQLi\Connection.php:306
Stack trace:
#0 F:\Mizanur_Rahman_1277622\XAMPP_7.4.3\htdocs\codeigniter\ci_project1\system\Database\MySQLi\Connection.php(306): mysqli->query('DELETE FROM `pr...', 0)
#1 F:\Mizanur_Rahman_1277622\XAMPP_7.4.3\htdocs\codeigniter\ci_project1\system\Database\BaseConnection.php(693): CodeIgniter\Database\MySQLi\Connection->execute('DELETE FROM `pr...')
#2 F:\Mizanur_Rahman_1277622\XAMPP_7.4.3\htdocs\codeigniter\ci_project1\system\Database\BaseConnection.php(607): CodeIgniter\Database\BaseConnection->simpleQuery('DELETE FROM `pr...')
#3 F:\Mizanur_Rahman_1277622\XAMPP_7.4.3\htdocs\codeigniter\ci_project1\system\Database\BaseBuilder.php(2790): CodeIgniter\Database\BaseConnection->query('DELETE FROM `pr...', Array, false)
#4 F:\Mizanur_Rahman_1277622\XAMPP_7.4.3\htdocs\codeigniter\ci_project1\system\Model.php(445): CodeIgniter\Database\BaseBuilder->delete()
#5 F:\Mizanur_Rahman_1277622\XAMPP_7.4.3\htdocs\codeigniter\ci_project1\system\BaseModel.php(1080): CodeIgniter\Model->doDelete(Array, true)
#6 F:\Mizanur_Rahman_1277622\XAMPP_7.4.3\htdocs\codeigniter\ci_project1\app\Controllers\ProductController.php(37): CodeIgniter\BaseModel->delete(Array, true)
#7 F:\Mizanur_Rahman_1277622\XAMPP_7.4.3\htdocs\codeigniter\ci_project1\system\CodeIgniter.php(942): App\Controllers\ProductController->delete('6')
#8 F:\Mizanur_Rahman_1277622\XAMPP_7.4.3\htdocs\codeigniter\ci_project1\system\CodeIgniter.php(502): CodeIgniter\CodeIgniter->runController(Object(App\Controllers\ProductController))
#9 F:\Mizanur_Rahman_1277622\XAMPP_7.4.3\htdocs\codeigniter\ci_project1\system\CodeIgniter.php(361): CodeIgniter\CodeIgniter->handleRequest(NULL, Object(Config\Cache), false)
#10 F:\Mizanur_Rahman_1277622\XAMPP_7.4.3\htdocs\codeigniter\ci_project1\public\index.php(79): CodeIgniter\CodeIgniter->run()
#11 F:\Mizanur_Rahman_1277622\XAMPP_7.4.3\htdocs\codeigniter\ci_project1\system\Commands\Server\rewrite.php(47): require_once('F:\\Mizanur_Rahm...')
#12 {main}
CRITICAL - 2023-12-04 04:35:41 --> Unknown column 'id' in 'where clause'
in SYSTEMPATH\Database\BaseConnection.php on line 647.
 1 SYSTEMPATH\Database\BaseBuilder.php(2790): CodeIgniter\Database\BaseConnection->query('DELETE FROM `products`
WHERE `id` IN :id:', [...], false)
 2 SYSTEMPATH\Model.php(445): CodeIgniter\Database\BaseBuilder->delete()
 3 SYSTEMPATH\BaseModel.php(1080): CodeIgniter\Model->doDelete([...], true)
 4 APPPATH\Controllers\ProductController.php(37): CodeIgniter\BaseModel->delete([...], true)
 5 SYSTEMPATH\CodeIgniter.php(942): App\Controllers\ProductController->delete('6')
 6 SYSTEMPATH\CodeIgniter.php(502): CodeIgniter\CodeIgniter->runController(Object(App\Controllers\ProductController))
 7 SYSTEMPATH\CodeIgniter.php(361): CodeIgniter\CodeIgniter->handleRequest(null, Object(Config\Cache), false)
 8 FCPATH\index.php(79): CodeIgniter\CodeIgniter->run()
 9 SYSTEMPATH\Commands\Server\rewrite.php(47): require_once('F:\\Mizanur_Rahman_1277622\\XAMPP_7.4.3\\htdocs\\codeigniter\\ci_project1\\public\\index.php')
INFO - 2023-12-04 04:37:01 --> Session: Class initialized using 'CodeIgniter\Session\Handlers\FileHandler' driver.
INFO - 2023-12-04 04:37:02 --> Session: Class initialized using 'CodeIgniter\Session\Handlers\FileHandler' driver.
ERROR - 2023-12-04 04:37:06 --> mysqli_sql_exception: Unknown column 'id' in 'where clause' in F:\Mizanur_Rahman_1277622\XAMPP_7.4.3\htdocs\codeigniter\ci_project1\system\Database\MySQLi\Connection.php:306
Stack trace:
#0 F:\Mizanur_Rahman_1277622\XAMPP_7.4.3\htdocs\codeigniter\ci_project1\system\Database\MySQLi\Connection.php(306): mysqli->query('DELETE FROM `pr...', 0)
#1 F:\Mizanur_Rahman_1277622\XAMPP_7.4.3\htdocs\codeigniter\ci_project1\system\Database\BaseConnection.php(693): CodeIgniter\Database\MySQLi\Connection->execute('DELETE FROM `pr...')
#2 F:\Mizanur_Rahman_1277622\XAMPP_7.4.3\htdocs\codeigniter\ci_project1\system\Database\BaseConnection.php(607): CodeIgniter\Database\BaseConnection->simpleQuery('DELETE FROM `pr...')
#3 F:\Mizanur_Rahman_1277622\XAMPP_7.4.3\htdocs\codeigniter\ci_project1\system\Database\BaseBuilder.php(2790): CodeIgniter\Database\BaseConnection->query('DELETE FROM `pr...', Array, false)
#4 F:\Mizanur_Rahman_1277622\XAMPP_7.4.3\htdocs\codeigniter\ci_project1\system\Model.php(445): CodeIgniter\Database\BaseBuilder->delete()
#5 F:\Mizanur_Rahman_1277622\XAMPP_7.4.3\htdocs\codeigniter\ci_project1\system\BaseModel.php(1080): CodeIgniter\Model->doDelete(Array, true)
#6 F:\Mizanur_Rahman_1277622\XAMPP_7.4.3\htdocs\codeigniter\ci_project1\app\Controllers\ProductController.php(37): CodeIgniter\BaseModel->delete(Array, true)
#7 F:\Mizanur_Rahman_1277622\XAMPP_7.4.3\htdocs\codeigniter\ci_project1\system\CodeIgniter.php(942): App\Controllers\ProductController->delete('1')
#8 F:\Mizanur_Rahman_1277622\XAMPP_7.4.3\htdocs\codeigniter\ci_project1\system\CodeIgniter.php(502): CodeIgniter\CodeIgniter->runController(Object(App\Controllers\ProductController))
#9 F:\Mizanur_Rahman_1277622\XAMPP_7.4.3\htdocs\codeigniter\ci_project1\system\CodeIgniter.php(361): CodeIgniter\CodeIgniter->handleRequest(NULL, Object(Config\Cache), false)
#10 F:\Mizanur_Rahman_1277622\XAMPP_7.4.3\htdocs\codeigniter\ci_project1\public\index.php(79): CodeIgniter\CodeIgniter->run()
#11 F:\Mizanur_Rahman_1277622\XAMPP_7.4.3\htdocs\codeigniter\ci_project1\system\Commands\Server\rewrite.php(47): require_once('F:\\Mizanur_Rahm...')
#12 {main}
CRITICAL - 2023-12-04 04:37:06 --> Unknown column 'id' in 'where clause'
in SYSTEMPATH\Database\BaseConnection.php on line 647.
 1 SYSTEMPATH\Database\BaseBuilder.php(2790): CodeIgniter\Database\BaseConnection->query('DELETE FROM `products`
WHERE `id` IN :id:', [...], false)
 2 SYSTEMPATH\Model.php(445): CodeIgniter\Database\BaseBuilder->delete()
 3 SYSTEMPATH\BaseModel.php(1080): CodeIgniter\Model->doDelete([...], true)
 4 APPPATH\Controllers\ProductController.php(37): CodeIgniter\BaseModel->delete([...], true)
 5 SYSTEMPATH\CodeIgniter.php(942): App\Controllers\ProductController->delete('1')
 6 SYSTEMPATH\CodeIgniter.php(502): CodeIgniter\CodeIgniter->runController(Object(App\Controllers\ProductController))
 7 SYSTEMPATH\CodeIgniter.php(361): CodeIgniter\CodeIgniter->handleRequest(null, Object(Config\Cache), false)
 8 FCPATH\index.php(79): CodeIgniter\CodeIgniter->run()
 9 SYSTEMPATH\Commands\Server\rewrite.php(47): require_once('F:\\Mizanur_Rahman_1277622\\XAMPP_7.4.3\\htdocs\\codeigniter\\ci_project1\\public\\index.php')
INFO - 2023-12-04 04:37:21 --> Session: Class initialized using 'CodeIgniter\Session\Handlers\FileHandler' driver.
ERROR - 2023-12-04 04:37:31 --> mysqli_sql_exception: Unknown column 'id' in 'where clause' in F:\Mizanur_Rahman_1277622\XAMPP_7.4.3\htdocs\codeigniter\ci_project1\system\Database\MySQLi\Connection.php:306
Stack trace:
#0 F:\Mizanur_Rahman_1277622\XAMPP_7.4.3\htdocs\codeigniter\ci_project1\system\Database\MySQLi\Connection.php(306): mysqli->query('DELETE FROM `pr...', 0)
#1 F:\Mizanur_Rahman_1277622\XAMPP_7.4.3\htdocs\codeigniter\ci_project1\system\Database\BaseConnection.php(693): CodeIgniter\Database\MySQLi\Connection->execute('DELETE FROM `pr...')
#2 F:\Mizanur_Rahman_1277622\XAMPP_7.4.3\htdocs\codeigniter\ci_project1\system\Database\BaseConnection.php(607): CodeIgniter\Database\BaseConnection->simpleQuery('DELETE FROM `pr...')
#3 F:\Mizanur_Rahman_1277622\XAMPP_7.4.3\htdocs\codeigniter\ci_project1\system\Database\BaseBuilder.php(2790): CodeIgniter\Database\BaseConnection->query('DELETE FROM `pr...', Array, false)
#4 F:\Mizanur_Rahman_1277622\XAMPP_7.4.3\htdocs\codeigniter\ci_project1\system\Model.php(445): CodeIgniter\Database\BaseBuilder->delete()
#5 F:\Mizanur_Rahman_1277622\XAMPP_7.4.3\htdocs\codeigniter\ci_project1\system\BaseModel.php(1080): CodeIgniter\Model->doDelete(Array, true)
#6 F:\Mizanur_Rahman_1277622\XAMPP_7.4.3\htdocs\codeigniter\ci_project1\app\Controllers\ProductController.php(37): CodeIgniter\BaseModel->delete(Array, true)
#7 F:\Mizanur_Rahman_1277622\XAMPP_7.4.3\htdocs\codeigniter\ci_project1\system\CodeIgniter.php(942): App\Controllers\ProductController->delete('1')
#8 F:\Mizanur_Rahman_1277622\XAMPP_7.4.3\htdocs\codeigniter\ci_project1\system\CodeIgniter.php(502): CodeIgniter\CodeIgniter->runController(Object(App\Controllers\ProductController))
#9 F:\Mizanur_Rahman_1277622\XAMPP_7.4.3\htdocs\codeigniter\ci_project1\system\CodeIgniter.php(361): CodeIgniter\CodeIgniter->handleRequest(NULL, Object(Config\Cache), false)
#10 F:\Mizanur_Rahman_1277622\XAMPP_7.4.3\htdocs\codeigniter\ci_project1\public\index.php(79): CodeIgniter\CodeIgniter->run()
#11 F:\Mizanur_Rahman_1277622\XAMPP_7.4.3\htdocs\codeigniter\ci_project1\system\Commands\Server\rewrite.php(47): require_once('F:\\Mizanur_Rahm...')
#12 {main}
CRITICAL - 2023-12-04 04:37:31 --> Unknown column 'id' in 'where clause'
in SYSTEMPATH\Database\BaseConnection.php on line 647.
 1 SYSTEMPATH\Database\BaseBuilder.php(2790): CodeIgniter\Database\BaseConnection->query('DELETE FROM `products`
WHERE `id` IN :id:', [...], false)
 2 SYSTEMPATH\Model.php(445): CodeIgniter\Database\BaseBuilder->delete()
 3 SYSTEMPATH\BaseModel.php(1080): CodeIgniter\Model->doDelete([...], true)
 4 APPPATH\Controllers\ProductController.php(37): CodeIgniter\BaseModel->delete([...], true)
 5 SYSTEMPATH\CodeIgniter.php(942): App\Controllers\ProductController->delete('1')
 6 SYSTEMPATH\CodeIgniter.php(502): CodeIgniter\CodeIgniter->runController(Object(App\Controllers\ProductController))
 7 SYSTEMPATH\CodeIgniter.php(361): CodeIgniter\CodeIgniter->handleRequest(null, Object(Config\Cache), false)
 8 FCPATH\index.php(79): CodeIgniter\CodeIgniter->run()
 9 SYSTEMPATH\Commands\Server\rewrite.php(47): require_once('F:\\Mizanur_Rahman_1277622\\XAMPP_7.4.3\\htdocs\\codeigniter\\ci_project1\\public\\index.php')
INFO - 2023-12-04 04:38:31 --> Session: Class initialized using 'CodeIgniter\Session\Handlers\FileHandler' driver.
INFO - 2023-12-04 04:38:32 --> Session: Class initialized using 'CodeIgniter\Session\Handlers\FileHandler' driver.
ERROR - 2023-12-04 04:38:34 --> mysqli_sql_exception: Unknown column 'id' in 'where clause' in F:\Mizanur_Rahman_1277622\XAMPP_7.4.3\htdocs\codeigniter\ci_project1\system\Database\MySQLi\Connection.php:306
Stack trace:
#0 F:\Mizanur_Rahman_1277622\XAMPP_7.4.3\htdocs\codeigniter\ci_project1\system\Database\MySQLi\Connection.php(306): mysqli->query('DELETE FROM `pr...', 0)
#1 F:\Mizanur_Rahman_1277622\XAMPP_7.4.3\htdocs\codeigniter\ci_project1\system\Database\BaseConnection.php(693): CodeIgniter\Database\MySQLi\Connection->execute('DELETE FROM `pr...')
#2 F:\Mizanur_Rahman_1277622\XAMPP_7.4.3\htdocs\codeigniter\ci_project1\system\Database\BaseConnection.php(607): CodeIgniter\Database\BaseConnection->simpleQuery('DELETE FROM `pr...')
#3 F:\Mizanur_Rahman_1277622\XAMPP_7.4.3\htdocs\codeigniter\ci_project1\system\Database\BaseBuilder.php(2790): CodeIgniter\Database\BaseConnection->query('DELETE FROM `pr...', Array, false)
#4 F:\Mizanur_Rahman_1277622\XAMPP_7.4.3\htdocs\codeigniter\ci_project1\system\Model.php(445): CodeIgniter\Database\BaseBuilder->delete()
#5 F:\Mizanur_Rahman_1277622\XAMPP_7.4.3\htdocs\codeigniter\ci_project1\system\BaseModel.php(1080): CodeIgniter\Model->doDelete(Array, true)
#6 F:\Mizanur_Rahman_1277622\XAMPP_7.4.3\htdocs\codeigniter\ci_project1\app\Controllers\ProductController.php(37): CodeIgniter\BaseModel->delete(Array, true)
#7 F:\Mizanur_Rahman_1277622\XAMPP_7.4.3\htdocs\codeigniter\ci_project1\system\CodeIgniter.php(942): App\Controllers\ProductController->delete('1')
#8 F:\Mizanur_Rahman_1277622\XAMPP_7.4.3\htdocs\codeigniter\ci_project1\system\CodeIgniter.php(502): CodeIgniter\CodeIgniter->runController(Object(App\Controllers\ProductController))
#9 F:\Mizanur_Rahman_1277622\XAMPP_7.4.3\htdocs\codeigniter\ci_project1\system\CodeIgniter.php(361): CodeIgniter\CodeIgniter->handleRequest(NULL, Object(Config\Cache), false)
#10 F:\Mizanur_Rahman_1277622\XAMPP_7.4.3\htdocs\codeigniter\ci_project1\public\index.php(79): CodeIgniter\CodeIgniter->run()
#11 F:\Mizanur_Rahman_1277622\XAMPP_7.4.3\htdocs\codeigniter\ci_project1\system\Commands\Server\rewrite.php(47): require_once('F:\\Mizanur_Rahm...')
#12 {main}
CRITICAL - 2023-12-04 04:38:34 --> Unknown column 'id' in 'where clause'
in SYSTEMPATH\Database\BaseConnection.php on line 647.
 1 SYSTEMPATH\Database\BaseBuilder.php(2790): CodeIgniter\Database\BaseConnection->query('DELETE FROM `products`
WHERE `id` IN :id:', [...], false)
 2 SYSTEMPATH\Model.php(445): CodeIgniter\Database\BaseBuilder->delete()
 3 SYSTEMPATH\BaseModel.php(1080): CodeIgniter\Model->doDelete([...], true)
 4 APPPATH\Controllers\ProductController.php(37): CodeIgniter\BaseModel->delete([...], true)
 5 SYSTEMPATH\CodeIgniter.php(942): App\Controllers\ProductController->delete('1')
 6 SYSTEMPATH\CodeIgniter.php(502): CodeIgniter\CodeIgniter->runController(Object(App\Controllers\ProductController))
 7 SYSTEMPATH\CodeIgniter.php(361): CodeIgniter\CodeIgniter->handleRequest(null, Object(Config\Cache), false)
 8 FCPATH\index.php(79): CodeIgniter\CodeIgniter->run()
 9 SYSTEMPATH\Commands\Server\rewrite.php(47): require_once('F:\\Mizanur_Rahman_1277622\\XAMPP_7.4.3\\htdocs\\codeigniter\\ci_project1\\public\\index.php')
INFO - 2023-12-04 04:38:36 --> Session: Class initialized using 'CodeIgniter\Session\Handlers\FileHandler' driver.
INFO - 2023-12-04 04:38:40 --> Session: Class initialized using 'CodeIgniter\Session\Handlers\FileHandler' driver.
ERROR - 2023-12-04 04:38:42 --> mysqli_sql_exception: Unknown column 'id' in 'where clause' in F:\Mizanur_Rahman_1277622\XAMPP_7.4.3\htdocs\codeigniter\ci_project1\system\Database\MySQLi\Connection.php:306
Stack trace:
#0 F:\Mizanur_Rahman_1277622\XAMPP_7.4.3\htdocs\codeigniter\ci_project1\system\Database\MySQLi\Connection.php(306): mysqli->query('DELETE FROM `pr...', 0)
#1 F:\Mizanur_Rahman_1277622\XAMPP_7.4.3\htdocs\codeigniter\ci_project1\system\Database\BaseConnection.php(693): CodeIgniter\Database\MySQLi\Connection->execute('DELETE FROM `pr...')
#2 F:\Mizanur_Rahman_1277622\XAMPP_7.4.3\htdocs\codeigniter\ci_project1\system\Database\BaseConnection.php(607): CodeIgniter\Database\BaseConnection->simpleQuery('DELETE FROM `pr...')
#3 F:\Mizanur_Rahman_1277622\XAMPP_7.4.3\htdocs\codeigniter\ci_project1\system\Database\BaseBuilder.php(2790): CodeIgniter\Database\BaseConnection->query('DELETE FROM `pr...', Array, false)
#4 F:\Mizanur_Rahman_1277622\XAMPP_7.4.3\htdocs\codeigniter\ci_project1\system\Model.php(445): CodeIgniter\Database\BaseBuilder->delete()
#5 F:\Mizanur_Rahman_1277622\XAMPP_7.4.3\htdocs\codeigniter\ci_project1\system\BaseModel.php(1080): CodeIgniter\Model->doDelete(Array, true)
#6 F:\Mizanur_Rahman_1277622\XAMPP_7.4.3\htdocs\codeigniter\ci_project1\app\Controllers\ProductController.php(37): CodeIgniter\BaseModel->delete(Array, true)
#7 F:\Mizanur_Rahman_1277622\XAMPP_7.4.3\htdocs\codeigniter\ci_project1\system\CodeIgniter.php(942): App\Controllers\ProductController->delete('1')
#8 F:\Mizanur_Rahman_1277622\XAMPP_7.4.3\htdocs\codeigniter\ci_project1\system\CodeIgniter.php(502): CodeIgniter\CodeIgniter->runController(Object(App\Controllers\ProductController))
#9 F:\Mizanur_Rahman_1277622\XAMPP_7.4.3\htdocs\codeigniter\ci_project1\system\CodeIgniter.php(361): CodeIgniter\CodeIgniter->handleRequest(NULL, Object(Config\Cache), false)
#10 F:\Mizanur_Rahman_1277622\XAMPP_7.4.3\htdocs\codeigniter\ci_project1\public\index.php(79): CodeIgniter\CodeIgniter->run()
#11 F:\Mizanur_Rahman_1277622\XAMPP_7.4.3\htdocs\codeigniter\ci_project1\system\Commands\Server\rewrite.php(47): require_once('F:\\Mizanur_Rahm...')
#12 {main}
CRITICAL - 2023-12-04 04:38:42 --> Unknown column 'id' in 'where clause'
in SYSTEMPATH\Database\BaseConnection.php on line 647.
 1 SYSTEMPATH\Database\BaseBuilder.php(2790): CodeIgniter\Database\BaseConnection->query('DELETE FROM `products`
WHERE `id` IN :id:', [...], false)
 2 SYSTEMPATH\Model.php(445): CodeIgniter\Database\BaseBuilder->delete()
 3 SYSTEMPATH\BaseModel.php(1080): CodeIgniter\Model->doDelete([...], true)
 4 APPPATH\Controllers\ProductController.php(37): CodeIgniter\BaseModel->delete([...], true)
 5 SYSTEMPATH\CodeIgniter.php(942): App\Controllers\ProductController->delete('1')
 6 SYSTEMPATH\CodeIgniter.php(502): CodeIgniter\CodeIgniter->runController(Object(App\Controllers\ProductController))
 7 SYSTEMPATH\CodeIgniter.php(361): CodeIgniter\CodeIgniter->handleRequest(null, Object(Config\Cache), false)
 8 FCPATH\index.php(79): CodeIgniter\CodeIgniter->run()
 9 SYSTEMPATH\Commands\Server\rewrite.php(47): require_once('F:\\Mizanur_Rahman_1277622\\XAMPP_7.4.3\\htdocs\\codeigniter\\ci_project1\\public\\index.php')
INFO - 2023-12-04 04:38:56 --> Session: Class initialized using 'CodeIgniter\Session\Handlers\FileHandler' driver.
INFO - 2023-12-04 04:38:57 --> Session: Class initialized using 'CodeIgniter\Session\Handlers\FileHandler' driver.
ERROR - 2023-12-04 04:39:38 --> mysqli_sql_exception: Unknown column 'id' in 'where clause' in F:\Mizanur_Rahman_1277622\XAMPP_7.4.3\htdocs\codeigniter\ci_project1\system\Database\MySQLi\Connection.php:306
Stack trace:
#0 F:\Mizanur_Rahman_1277622\XAMPP_7.4.3\htdocs\codeigniter\ci_project1\system\Database\MySQLi\Connection.php(306): mysqli->query('DELETE FROM `pr...', 0)
#1 F:\Mizanur_Rahman_1277622\XAMPP_7.4.3\htdocs\codeigniter\ci_project1\system\Database\BaseConnection.php(693): CodeIgniter\Database\MySQLi\Connection->execute('DELETE FROM `pr...')
#2 F:\Mizanur_Rahman_1277622\XAMPP_7.4.3\htdocs\codeigniter\ci_project1\system\Database\BaseConnection.php(607): CodeIgniter\Database\BaseConnection->simpleQuery('DELETE FROM `pr...')
#3 F:\Mizanur_Rahman_1277622\XAMPP_7.4.3\htdocs\codeigniter\ci_project1\system\Database\BaseBuilder.php(2790): CodeIgniter\Database\BaseConnection->query('DELETE FROM `pr...', Array, false)
#4 F:\Mizanur_Rahman_1277622\XAMPP_7.4.3\htdocs\codeigniter\ci_project1\system\Model.php(445): CodeIgniter\Database\BaseBuilder->delete()
#5 F:\Mizanur_Rahman_1277622\XAMPP_7.4.3\htdocs\codeigniter\ci_project1\system\BaseModel.php(1080): CodeIgniter\Model->doDelete(Array, true)
#6 F:\Mizanur_Rahman_1277622\XAMPP_7.4.3\htdocs\codeigniter\ci_project1\app\Controllers\ProductController.php(37): CodeIgniter\BaseModel->delete(Array, true)
#7 F:\Mizanur_Rahman_1277622\XAMPP_7.4.3\htdocs\codeigniter\ci_project1\system\CodeIgniter.php(942): App\Controllers\ProductController->delete('1')
#8 F:\Mizanur_Rahman_1277622\XAMPP_7.4.3\htdocs\codeigniter\ci_project1\system\CodeIgniter.php(502): CodeIgniter\CodeIgniter->runController(Object(App\Controllers\ProductController))
#9 F:\Mizanur_Rahman_1277622\XAMPP_7.4.3\htdocs\codeigniter\ci_project1\system\CodeIgniter.php(361): CodeIgniter\CodeIgniter->handleRequest(NULL, Object(Config\Cache), false)
#10 F:\Mizanur_Rahman_1277622\XAMPP_7.4.3\htdocs\codeigniter\ci_project1\public\index.php(79): CodeIgniter\CodeIgniter->run()
#11 F:\Mizanur_Rahman_1277622\XAMPP_7.4.3\htdocs\codeigniter\ci_project1\system\Commands\Server\rewrite.php(47): require_once('F:\\Mizanur_Rahm...')
#12 {main}
CRITICAL - 2023-12-04 04:39:38 --> Unknown column 'id' in 'where clause'
in SYSTEMPATH\Database\BaseConnection.php on line 647.
 1 SYSTEMPATH\Database\BaseBuilder.php(2790): CodeIgniter\Database\BaseConnection->query('DELETE FROM `products`
WHERE `id` IN :id:', [...], false)
 2 SYSTEMPATH\Model.php(445): CodeIgniter\Database\BaseBuilder->delete()
 3 SYSTEMPATH\BaseModel.php(1080): CodeIgniter\Model->doDelete([...], true)
 4 APPPATH\Controllers\ProductController.php(37): CodeIgniter\BaseModel->delete([...], true)
 5 SYSTEMPATH\CodeIgniter.php(942): App\Controllers\ProductController->delete('1')
 6 SYSTEMPATH\CodeIgniter.php(502): CodeIgniter\CodeIgniter->runController(Object(App\Controllers\ProductController))
 7 SYSTEMPATH\CodeIgniter.php(361): CodeIgniter\CodeIgniter->handleRequest(null, Object(Config\Cache), false)
 8 FCPATH\index.php(79): CodeIgniter\CodeIgniter->run()
 9 SYSTEMPATH\Commands\Server\rewrite.php(47): require_once('F:\\Mizanur_Rahman_1277622\\XAMPP_7.4.3\\htdocs\\codeigniter\\ci_project1\\public\\index.php')
INFO - 2023-12-04 04:39:40 --> Session: Class initialized using 'CodeIgniter\Session\Handlers\FileHandler' driver.
INFO - 2023-12-04 04:39:48 --> Session: Class initialized using 'CodeIgniter\Session\Handlers\FileHandler' driver.
ERROR - 2023-12-04 04:39:51 --> mysqli_sql_exception: Unknown column 'id' in 'where clause' in F:\Mizanur_Rahman_1277622\XAMPP_7.4.3\htdocs\codeigniter\ci_project1\system\Database\MySQLi\Connection.php:306
Stack trace:
#0 F:\Mizanur_Rahman_1277622\XAMPP_7.4.3\htdocs\codeigniter\ci_project1\system\Database\MySQLi\Connection.php(306): mysqli->query('DELETE FROM `pr...', 0)
#1 F:\Mizanur_Rahman_1277622\XAMPP_7.4.3\htdocs\codeigniter\ci_project1\system\Database\BaseConnection.php(693): CodeIgniter\Database\MySQLi\Connection->execute('DELETE FROM `pr...')
#2 F:\Mizanur_Rahman_1277622\XAMPP_7.4.3\htdocs\codeigniter\ci_project1\system\Database\BaseConnection.php(607): CodeIgniter\Database\BaseConnection->simpleQuery('DELETE FROM `pr...')
#3 F:\Mizanur_Rahman_1277622\XAMPP_7.4.3\htdocs\codeigniter\ci_project1\system\Database\BaseBuilder.php(2790): CodeIgniter\Database\BaseConnection->query('DELETE FROM `pr...', Array, false)
#4 F:\Mizanur_Rahman_1277622\XAMPP_7.4.3\htdocs\codeigniter\ci_project1\system\Model.php(445): CodeIgniter\Database\BaseBuilder->delete()
#5 F:\Mizanur_Rahman_1277622\XAMPP_7.4.3\htdocs\codeigniter\ci_project1\system\BaseModel.php(1080): CodeIgniter\Model->doDelete(Array, true)
#6 F:\Mizanur_Rahman_1277622\XAMPP_7.4.3\htdocs\codeigniter\ci_project1\app\Controllers\ProductController.php(37): CodeIgniter\BaseModel->delete(Array, true)
#7 F:\Mizanur_Rahman_1277622\XAMPP_7.4.3\htdocs\codeigniter\ci_project1\system\CodeIgniter.php(942): App\Controllers\ProductController->delete('1')
#8 F:\Mizanur_Rahman_1277622\XAMPP_7.4.3\htdocs\codeigniter\ci_project1\system\CodeIgniter.php(502): CodeIgniter\CodeIgniter->runController(Object(App\Controllers\ProductController))
#9 F:\Mizanur_Rahman_1277622\XAMPP_7.4.3\htdocs\codeigniter\ci_project1\system\CodeIgniter.php(361): CodeIgniter\CodeIgniter->handleRequest(NULL, Object(Config\Cache), false)
#10 F:\Mizanur_Rahman_1277622\XAMPP_7.4.3\htdocs\codeigniter\ci_project1\public\index.php(79): CodeIgniter\CodeIgniter->run()
#11 F:\Mizanur_Rahman_1277622\XAMPP_7.4.3\htdocs\codeigniter\ci_project1\system\Commands\Server\rewrite.php(47): require_once('F:\\Mizanur_Rahm...')
#12 {main}
CRITICAL - 2023-12-04 04:39:51 --> Unknown column 'id' in 'where clause'
in SYSTEMPATH\Database\BaseConnection.php on line 647.
 1 SYSTEMPATH\Database\BaseBuilder.php(2790): CodeIgniter\Database\BaseConnection->query('DELETE FROM `products`
WHERE `id` IN :id:', [...], false)
 2 SYSTEMPATH\Model.php(445): CodeIgniter\Database\BaseBuilder->delete()
 3 SYSTEMPATH\BaseModel.php(1080): CodeIgniter\Model->doDelete([...], true)
 4 APPPATH\Controllers\ProductController.php(37): CodeIgniter\BaseModel->delete([...], true)
 5 SYSTEMPATH\CodeIgniter.php(942): App\Controllers\ProductController->delete('1')
 6 SYSTEMPATH\CodeIgniter.php(502): CodeIgniter\CodeIgniter->runController(Object(App\Controllers\ProductController))
 7 SYSTEMPATH\CodeIgniter.php(361): CodeIgniter\CodeIgniter->handleRequest(null, Object(Config\Cache), false)
 8 FCPATH\index.php(79): CodeIgniter\CodeIgniter->run()
 9 SYSTEMPATH\Commands\Server\rewrite.php(47): require_once('F:\\Mizanur_Rahman_1277622\\XAMPP_7.4.3\\htdocs\\codeigniter\\ci_project1\\public\\index.php')
INFO - 2023-12-04 04:39:54 --> Session: Class initialized using 'CodeIgniter\Session\Handlers\FileHandler' driver.
INFO - 2023-12-04 04:40:24 --> Session: Class initialized using 'CodeIgniter\Session\Handlers\FileHandler' driver.
ERROR - 2023-12-04 04:40:26 --> mysqli_sql_exception: Unknown column 'id' in 'where clause' in F:\Mizanur_Rahman_1277622\XAMPP_7.4.3\htdocs\codeigniter\ci_project1\system\Database\MySQLi\Connection.php:306
Stack trace:
#0 F:\Mizanur_Rahman_1277622\XAMPP_7.4.3\htdocs\codeigniter\ci_project1\system\Database\MySQLi\Connection.php(306): mysqli->query('DELETE FROM `pr...', 0)
#1 F:\Mizanur_Rahman_1277622\XAMPP_7.4.3\htdocs\codeigniter\ci_project1\system\Database\BaseConnection.php(693): CodeIgniter\Database\MySQLi\Connection->execute('DELETE FROM `pr...')
#2 F:\Mizanur_Rahman_1277622\XAMPP_7.4.3\htdocs\codeigniter\ci_project1\system\Database\BaseConnection.php(607): CodeIgniter\Database\BaseConnection->simpleQuery('DELETE FROM `pr...')
#3 F:\Mizanur_Rahman_1277622\XAMPP_7.4.3\htdocs\codeigniter\ci_project1\system\Database\BaseBuilder.php(2790): CodeIgniter\Database\BaseConnection->query('DELETE FROM `pr...', Array, false)
#4 F:\Mizanur_Rahman_1277622\XAMPP_7.4.3\htdocs\codeigniter\ci_project1\system\Model.php(445): CodeIgniter\Database\BaseBuilder->delete()
#5 F:\Mizanur_Rahman_1277622\XAMPP_7.4.3\htdocs\codeigniter\ci_project1\system\BaseModel.php(1080): CodeIgniter\Model->doDelete(Array, false)
#6 F:\Mizanur_Rahman_1277622\XAMPP_7.4.3\htdocs\codeigniter\ci_project1\app\Controllers\ProductController.php(37): CodeIgniter\BaseModel->delete(Array)
#7 F:\Mizanur_Rahman_1277622\XAMPP_7.4.3\htdocs\codeigniter\ci_project1\system\CodeIgniter.php(942): App\Controllers\ProductController->delete('1')
#8 F:\Mizanur_Rahman_1277622\XAMPP_7.4.3\htdocs\codeigniter\ci_project1\system\CodeIgniter.php(502): CodeIgniter\CodeIgniter->runController(Object(App\Controllers\ProductController))
#9 F:\Mizanur_Rahman_1277622\XAMPP_7.4.3\htdocs\codeigniter\ci_project1\system\CodeIgniter.php(361): CodeIgniter\CodeIgniter->handleRequest(NULL, Object(Config\Cache), false)
#10 F:\Mizanur_Rahman_1277622\XAMPP_7.4.3\htdocs\codeigniter\ci_project1\public\index.php(79): CodeIgniter\CodeIgniter->run()
#11 F:\Mizanur_Rahman_1277622\XAMPP_7.4.3\htdocs\codeigniter\ci_project1\system\Commands\Server\rewrite.php(47): require_once('F:\\Mizanur_Rahm...')
#12 {main}
CRITICAL - 2023-12-04 04:40:26 --> Unknown column 'id' in 'where clause'
in SYSTEMPATH\Database\BaseConnection.php on line 647.
 1 SYSTEMPATH\Database\BaseBuilder.php(2790): CodeIgniter\Database\BaseConnection->query('DELETE FROM `products`
WHERE `id` IN :id:', [...], false)
 2 SYSTEMPATH\Model.php(445): CodeIgniter\Database\BaseBuilder->delete()
 3 SYSTEMPATH\BaseModel.php(1080): CodeIgniter\Model->doDelete([...], false)
 4 APPPATH\Controllers\ProductController.php(37): CodeIgniter\BaseModel->delete([...])
 5 SYSTEMPATH\CodeIgniter.php(942): App\Controllers\ProductController->delete('1')
 6 SYSTEMPATH\CodeIgniter.php(502): CodeIgniter\CodeIgniter->runController(Object(App\Controllers\ProductController))
 7 SYSTEMPATH\CodeIgniter.php(361): CodeIgniter\CodeIgniter->handleRequest(null, Object(Config\Cache), false)
 8 FCPATH\index.php(79): CodeIgniter\CodeIgniter->run()
 9 SYSTEMPATH\Commands\Server\rewrite.php(47): require_once('F:\\Mizanur_Rahman_1277622\\XAMPP_7.4.3\\htdocs\\codeigniter\\ci_project1\\public\\index.php')
INFO - 2023-12-04 04:40:31 --> Session: Class initialized using 'CodeIgniter\Session\Handlers\FileHandler' driver.
ERROR - 2023-12-04 04:40:33 --> mysqli_sql_exception: Unknown column 'id' in 'where clause' in F:\Mizanur_Rahman_1277622\XAMPP_7.4.3\htdocs\codeigniter\ci_project1\system\Database\MySQLi\Connection.php:306
Stack trace:
#0 F:\Mizanur_Rahman_1277622\XAMPP_7.4.3\htdocs\codeigniter\ci_project1\system\Database\MySQLi\Connection.php(306): mysqli->query('DELETE FROM `pr...', 0)
#1 F:\Mizanur_Rahman_1277622\XAMPP_7.4.3\htdocs\codeigniter\ci_project1\system\Database\BaseConnection.php(693): CodeIgniter\Database\MySQLi\Connection->execute('DELETE FROM `pr...')
#2 F:\Mizanur_Rahman_1277622\XAMPP_7.4.3\htdocs\codeigniter\ci_project1\system\Database\BaseConnection.php(607): CodeIgniter\Database\BaseConnection->simpleQuery('DELETE FROM `pr...')
#3 F:\Mizanur_Rahman_1277622\XAMPP_7.4.3\htdocs\codeigniter\ci_project1\system\Database\BaseBuilder.php(2790): CodeIgniter\Database\BaseConnection->query('DELETE FROM `pr...', Array, false)
#4 F:\Mizanur_Rahman_1277622\XAMPP_7.4.3\htdocs\codeigniter\ci_project1\system\Model.php(445): CodeIgniter\Database\BaseBuilder->delete()
#5 F:\Mizanur_Rahman_1277622\XAMPP_7.4.3\htdocs\codeigniter\ci_project1\system\BaseModel.php(1080): CodeIgniter\Model->doDelete(Array, false)
#6 F:\Mizanur_Rahman_1277622\XAMPP_7.4.3\htdocs\codeigniter\ci_project1\app\Controllers\ProductController.php(37): CodeIgniter\BaseModel->delete(Array)
#7 F:\Mizanur_Rahman_1277622\XAMPP_7.4.3\htdocs\codeigniter\ci_project1\system\CodeIgniter.php(942): App\Controllers\ProductController->delete('1')
#8 F:\Mizanur_Rahman_1277622\XAMPP_7.4.3\htdocs\codeigniter\ci_project1\system\CodeIgniter.php(502): CodeIgniter\CodeIgniter->runController(Object(App\Controllers\ProductController))
#9 F:\Mizanur_Rahman_1277622\XAMPP_7.4.3\htdocs\codeigniter\ci_project1\system\CodeIgniter.php(361): CodeIgniter\CodeIgniter->handleRequest(NULL, Object(Config\Cache), false)
#10 F:\Mizanur_Rahman_1277622\XAMPP_7.4.3\htdocs\codeigniter\ci_project1\public\index.php(79): CodeIgniter\CodeIgniter->run()
#11 F:\Mizanur_Rahman_1277622\XAMPP_7.4.3\htdocs\codeigniter\ci_project1\system\Commands\Server\rewrite.php(47): require_once('F:\\Mizanur_Rahm...')
#12 {main}
CRITICAL - 2023-12-04 04:40:33 --> Unknown column 'id' in 'where clause'
in SYSTEMPATH\Database\BaseConnection.php on line 647.
 1 SYSTEMPATH\Database\BaseBuilder.php(2790): CodeIgniter\Database\BaseConnection->query('DELETE FROM `products`
WHERE `id` IN :id:', [...], false)
 2 SYSTEMPATH\Model.php(445): CodeIgniter\Database\BaseBuilder->delete()
 3 SYSTEMPATH\BaseModel.php(1080): CodeIgniter\Model->doDelete([...], false)
 4 APPPATH\Controllers\ProductController.php(37): CodeIgniter\BaseModel->delete([...])
 5 SYSTEMPATH\CodeIgniter.php(942): App\Controllers\ProductController->delete('1')
 6 SYSTEMPATH\CodeIgniter.php(502): CodeIgniter\CodeIgniter->runController(Object(App\Controllers\ProductController))
 7 SYSTEMPATH\CodeIgniter.php(361): CodeIgniter\CodeIgniter->handleRequest(null, Object(Config\Cache), false)
 8 FCPATH\index.php(79): CodeIgniter\CodeIgniter->run()
 9 SYSTEMPATH\Commands\Server\rewrite.php(47): require_once('F:\\Mizanur_Rahman_1277622\\XAMPP_7.4.3\\htdocs\\codeigniter\\ci_project1\\public\\index.php')
INFO - 2023-12-04 04:40:35 --> Session: Class initialized using 'CodeIgniter\Session\Handlers\FileHandler' driver.
INFO - 2023-12-04 04:41:37 --> Session: Class initialized using 'CodeIgniter\Session\Handlers\FileHandler' driver.
INFO - 2023-12-04 04:41:42 --> Session: Class initialized using 'CodeIgniter\Session\Handlers\FileHandler' driver.
INFO - 2023-12-04 04:42:19 --> Session: Class initialized using 'CodeIgniter\Session\Handlers\FileHandler' driver.
CRITICAL - 2023-12-04 04:42:22 --> Undefined property: App\Controllers\ProductController::$product
in APPPATH\Controllers\ProductController.php on line 37.
 1 APPPATH\Controllers\ProductController.php(37): CodeIgniter\Debug\Exceptions->errorHandler(8, 'Undefined property: App\\Controllers\\ProductController::$product', 'F:\\Mizanur_Rahman_1277622\\XAMPP_7.4.3\\htdocs\\codeigniter\\ci_project1\\app\\Controllers\\ProductController.php', 37, [...])
 2 SYSTEMPATH\CodeIgniter.php(942): App\Controllers\ProductController->delete('1')
 3 SYSTEMPATH\CodeIgniter.php(502): CodeIgniter\CodeIgniter->runController(Object(App\Controllers\ProductController))
 4 SYSTEMPATH\CodeIgniter.php(361): CodeIgniter\CodeIgniter->handleRequest(null, Object(Config\Cache), false)
 5 FCPATH\index.php(79): CodeIgniter\CodeIgniter->run()
 6 SYSTEMPATH\Commands\Server\rewrite.php(47): require_once('F:\\Mizanur_Rahman_1277622\\XAMPP_7.4.3\\htdocs\\codeigniter\\ci_project1\\public\\index.php')
INFO - 2023-12-04 04:42:28 --> Session: Class initialized using 'CodeIgniter\Session\Handlers\FileHandler' driver.
INFO - 2023-12-04 04:42:29 --> Session: Class initialized using 'CodeIgniter\Session\Handlers\FileHandler' driver.
ERROR - 2023-12-04 04:42:33 --> mysqli_sql_exception: Unknown column 'id' in 'where clause' in F:\Mizanur_Rahman_1277622\XAMPP_7.4.3\htdocs\codeigniter\ci_project1\system\Database\MySQLi\Connection.php:306
Stack trace:
#0 F:\Mizanur_Rahman_1277622\XAMPP_7.4.3\htdocs\codeigniter\ci_project1\system\Database\MySQLi\Connection.php(306): mysqli->query('DELETE FROM `pr...', 0)
#1 F:\Mizanur_Rahman_1277622\XAMPP_7.4.3\htdocs\codeigniter\ci_project1\system\Database\BaseConnection.php(693): CodeIgniter\Database\MySQLi\Connection->execute('DELETE FROM `pr...')
#2 F:\Mizanur_Rahman_1277622\XAMPP_7.4.3\htdocs\codeigniter\ci_project1\system\Database\BaseConnection.php(607): CodeIgniter\Database\BaseConnection->simpleQuery('DELETE FROM `pr...')
#3 F:\Mizanur_Rahman_1277622\XAMPP_7.4.3\htdocs\codeigniter\ci_project1\system\Database\BaseBuilder.php(2790): CodeIgniter\Database\BaseConnection->query('DELETE FROM `pr...', Array, false)
#4 F:\Mizanur_Rahman_1277622\XAMPP_7.4.3\htdocs\codeigniter\ci_project1\system\Model.php(445): CodeIgniter\Database\BaseBuilder->delete()
#5 F:\Mizanur_Rahman_1277622\XAMPP_7.4.3\htdocs\codeigniter\ci_project1\system\BaseModel.php(1080): CodeIgniter\Model->doDelete(Array, true)
#6 F:\Mizanur_Rahman_1277622\XAMPP_7.4.3\htdocs\codeigniter\ci_project1\app\Controllers\ProductController.php(37): CodeIgniter\BaseModel->delete(Array, true)
#7 F:\Mizanur_Rahman_1277622\XAMPP_7.4.3\htdocs\codeigniter\ci_project1\system\CodeIgniter.php(942): App\Controllers\ProductController->delete('1')
#8 F:\Mizanur_Rahman_1277622\XAMPP_7.4.3\htdocs\codeigniter\ci_project1\system\CodeIgniter.php(502): CodeIgniter\CodeIgniter->runController(Object(App\Controllers\ProductController))
#9 F:\Mizanur_Rahman_1277622\XAMPP_7.4.3\htdocs\codeigniter\ci_project1\system\CodeIgniter.php(361): CodeIgniter\CodeIgniter->handleRequest(NULL, Object(Config\Cache), false)
#10 F:\Mizanur_Rahman_1277622\XAMPP_7.4.3\htdocs\codeigniter\ci_project1\public\index.php(79): CodeIgniter\CodeIgniter->run()
#11 F:\Mizanur_Rahman_1277622\XAMPP_7.4.3\htdocs\codeigniter\ci_project1\system\Commands\Server\rewrite.php(47): require_once('F:\\Mizanur_Rahm...')
#12 {main}
CRITICAL - 2023-12-04 04:42:33 --> Unknown column 'id' in 'where clause'
in SYSTEMPATH\Database\BaseConnection.php on line 647.
 1 SYSTEMPATH\Database\BaseBuilder.php(2790): CodeIgniter\Database\BaseConnection->query('DELETE FROM `products`
WHERE `id` IN :id:', [...], false)
 2 SYSTEMPATH\Model.php(445): CodeIgniter\Database\BaseBuilder->delete()
 3 SYSTEMPATH\BaseModel.php(1080): CodeIgniter\Model->doDelete([...], true)
 4 APPPATH\Controllers\ProductController.php(37): CodeIgniter\BaseModel->delete([...], true)
 5 SYSTEMPATH\CodeIgniter.php(942): App\Controllers\ProductController->delete('1')
 6 SYSTEMPATH\CodeIgniter.php(502): CodeIgniter\CodeIgniter->runController(Object(App\Controllers\ProductController))
 7 SYSTEMPATH\CodeIgniter.php(361): CodeIgniter\CodeIgniter->handleRequest(null, Object(Config\Cache), false)
 8 FCPATH\index.php(79): CodeIgniter\CodeIgniter->run()
 9 SYSTEMPATH\Commands\Server\rewrite.php(47): require_once('F:\\Mizanur_Rahman_1277622\\XAMPP_7.4.3\\htdocs\\codeigniter\\ci_project1\\public\\index.php')
INFO - 2023-12-04 04:42:41 --> Session: Class initialized using 'CodeIgniter\Session\Handlers\FileHandler' driver.
INFO - 2023-12-04 04:42:43 --> Session: Class initialized using 'CodeIgniter\Session\Handlers\FileHandler' driver.
ERROR - 2023-12-04 04:42:47 --> mysqli_sql_exception: Unknown column 'id' in 'where clause' in F:\Mizanur_Rahman_1277622\XAMPP_7.4.3\htdocs\codeigniter\ci_project1\system\Database\MySQLi\Connection.php:306
Stack trace:
#0 F:\Mizanur_Rahman_1277622\XAMPP_7.4.3\htdocs\codeigniter\ci_project1\system\Database\MySQLi\Connection.php(306): mysqli->query('DELETE FROM `pr...', 0)
#1 F:\Mizanur_Rahman_1277622\XAMPP_7.4.3\htdocs\codeigniter\ci_project1\system\Database\BaseConnection.php(693): CodeIgniter\Database\MySQLi\Connection->execute('DELETE FROM `pr...')
#2 F:\Mizanur_Rahman_1277622\XAMPP_7.4.3\htdocs\codeigniter\ci_project1\system\Database\BaseConnection.php(607): CodeIgniter\Database\BaseConnection->simpleQuery('DELETE FROM `pr...')
#3 F:\Mizanur_Rahman_1277622\XAMPP_7.4.3\htdocs\codeigniter\ci_project1\system\Database\BaseBuilder.php(2790): CodeIgniter\Database\BaseConnection->query('DELETE FROM `pr...', Array, false)
#4 F:\Mizanur_Rahman_1277622\XAMPP_7.4.3\htdocs\codeigniter\ci_project1\system\Model.php(445): CodeIgniter\Database\BaseBuilder->delete()
#5 F:\Mizanur_Rahman_1277622\XAMPP_7.4.3\htdocs\codeigniter\ci_project1\system\BaseModel.php(1080): CodeIgniter\Model->doDelete(Array, true)
#6 F:\Mizanur_Rahman_1277622\XAMPP_7.4.3\htdocs\codeigniter\ci_project1\app\Controllers\ProductController.php(37): CodeIgniter\BaseModel->delete(Array, true)
#7 F:\Mizanur_Rahman_1277622\XAMPP_7.4.3\htdocs\codeigniter\ci_project1\system\CodeIgniter.php(942): App\Controllers\ProductController->delete('1')
#8 F:\Mizanur_Rahman_1277622\XAMPP_7.4.3\htdocs\codeigniter\ci_project1\system\CodeIgniter.php(502): CodeIgniter\CodeIgniter->runController(Object(App\Controllers\ProductController))
#9 F:\Mizanur_Rahman_1277622\XAMPP_7.4.3\htdocs\codeigniter\ci_project1\system\CodeIgniter.php(361): CodeIgniter\CodeIgniter->handleRequest(NULL, Object(Config\Cache), false)
#10 F:\Mizanur_Rahman_1277622\XAMPP_7.4.3\htdocs\codeigniter\ci_project1\public\index.php(79): CodeIgniter\CodeIgniter->run()
#11 F:\Mizanur_Rahman_1277622\XAMPP_7.4.3\htdocs\codeigniter\ci_project1\system\Commands\Server\rewrite.php(47): require_once('F:\\Mizanur_Rahm...')
#12 {main}
CRITICAL - 2023-12-04 04:42:47 --> Unknown column 'id' in 'where clause'
in SYSTEMPATH\Database\BaseConnection.php on line 647.
 1 SYSTEMPATH\Database\BaseBuilder.php(2790): CodeIgniter\Database\BaseConnection->query('DELETE FROM `products`
WHERE `id` IN :id:', [...], false)
 2 SYSTEMPATH\Model.php(445): CodeIgniter\Database\BaseBuilder->delete()
 3 SYSTEMPATH\BaseModel.php(1080): CodeIgniter\Model->doDelete([...], true)
 4 APPPATH\Controllers\ProductController.php(37): CodeIgniter\BaseModel->delete([...], true)
 5 SYSTEMPATH\CodeIgniter.php(942): App\Controllers\ProductController->delete('1')
 6 SYSTEMPATH\CodeIgniter.php(502): CodeIgniter\CodeIgniter->runController(Object(App\Controllers\ProductController))
 7 SYSTEMPATH\CodeIgniter.php(361): CodeIgniter\CodeIgniter->handleRequest(null, Object(Config\Cache), false)
 8 FCPATH\index.php(79): CodeIgniter\CodeIgniter->run()
 9 SYSTEMPATH\Commands\Server\rewrite.php(47): require_once('F:\\Mizanur_Rahman_1277622\\XAMPP_7.4.3\\htdocs\\codeigniter\\ci_project1\\public\\index.php')
INFO - 2023-12-04 04:43:04 --> Session: Class initialized using 'CodeIgniter\Session\Handlers\FileHandler' driver.
INFO - 2023-12-04 04:43:43 --> Session: Class initialized using 'CodeIgniter\Session\Handlers\FileHandler' driver.
INFO - 2023-12-04 04:43:49 --> Session: Class initialized using 'CodeIgniter\Session\Handlers\FileHandler' driver.
INFO - 2023-12-04 04:44:40 --> Session: Class initialized using 'CodeIgniter\Session\Handlers\FileHandler' driver.
INFO - 2023-12-04 04:44:42 --> Session: Class initialized using 'CodeIgniter\Session\Handlers\FileHandler' driver.
INFO - 2023-12-04 04:44:50 --> Session: Class initialized using 'CodeIgniter\Session\Handlers\FileHandler' driver.
INFO - 2023-12-04 04:44:52 --> Session: Class initialized using 'CodeIgniter\Session\Handlers\FileHandler' driver.
INFO - 2023-12-04 04:46:01 --> Session: Class initialized using 'CodeIgniter\Session\Handlers\FileHandler' driver.
INFO - 2023-12-04 04:46:03 --> Session: Class initialized using 'CodeIgniter\Session\Handlers\FileHandler' driver.
INFO - 2023-12-04 04:46:21 --> Session: Class initialized using 'CodeIgniter\Session\Handlers\FileHandler' driver.
INFO - 2023-12-04 04:46:23 --> Session: Class initialized using 'CodeIgniter\Session\Handlers\FileHandler' driver.
INFO - 2023-12-04 04:46:24 --> Session: Class initialized using 'CodeIgniter\Session\Handlers\FileHandler' driver.
INFO - 2023-12-04 04:46:28 --> Session: Class initialized using 'CodeIgniter\Session\Handlers\FileHandler' driver.
INFO - 2023-12-04 04:46:36 --> Session: Class initialized using 'CodeIgniter\Session\Handlers\FileHandler' driver.
INFO - 2023-12-04 04:46:37 --> Session: Class initialized using 'CodeIgniter\Session\Handlers\FileHandler' driver.
INFO - 2023-12-04 04:46:40 --> Session: Class initialized using 'CodeIgniter\Session\Handlers\FileHandler' driver.
INFO - 2023-12-04 04:46:44 --> Session: Class initialized using 'CodeIgniter\Session\Handlers\FileHandler' driver.
INFO - 2023-12-04 04:48:01 --> Session: Class initialized using 'CodeIgniter\Session\Handlers\FileHandler' driver.
INFO - 2023-12-04 04:48:02 --> Session: Class initialized using 'CodeIgniter\Session\Handlers\FileHandler' driver.
INFO - 2023-12-04 04:48:06 --> Session: Class initialized using 'CodeIgniter\Session\Handlers\FileHandler' driver.
INFO - 2023-12-04 04:48:07 --> Session: Class initialized using 'CodeIgniter\Session\Handlers\FileHandler' driver.
INFO - 2023-12-04 04:48:09 --> Session: Class initialized using 'CodeIgniter\Session\Handlers\FileHandler' driver.
INFO - 2023-12-04 04:48:12 --> Session: Class initialized using 'CodeIgniter\Session\Handlers\FileHandler' driver.
INFO - 2023-12-04 04:48:57 --> Session: Class initialized using 'CodeIgniter\Session\Handlers\FileHandler' driver.
INFO - 2023-12-04 04:48:58 --> Session: Class initialized using 'CodeIgniter\Session\Handlers\FileHandler' driver.
INFO - 2023-12-04 04:49:03 --> Session: Class initialized using 'CodeIgniter\Session\Handlers\FileHandler' driver.
INFO - 2023-12-04 04:49:26 --> Session: Class initialized using 'CodeIgniter\Session\Handlers\FileHandler' driver.
INFO - 2023-12-04 04:49:27 --> Session: Class initialized using 'CodeIgniter\Session\Handlers\FileHandler' driver.
CRITICAL - 2023-12-04 04:49:29 --> The route for "/products" cannot be found.
in SYSTEMPATH\HTTP\RedirectResponse.php on line 62.
 1 SYSTEMPATH\HTTP\RedirectResponse.php(62): CodeIgniter\HTTP\Exceptions\HTTPException::forInvalidRedirectRoute('/products')
 2 SYSTEMPATH\Common.php(878): CodeIgniter\HTTP\RedirectResponse->route(false)
 3 APPPATH\Controllers\ProductController.php(39): redirect('/products')
 4 SYSTEMPATH\CodeIgniter.php(942): App\Controllers\ProductController->delete('7')
 5 SYSTEMPATH\CodeIgniter.php(502): CodeIgniter\CodeIgniter->runController(Object(App\Controllers\ProductController))
 6 SYSTEMPATH\CodeIgniter.php(361): CodeIgniter\CodeIgniter->handleRequest(null, Object(Config\Cache), false)
 7 FCPATH\index.php(79): CodeIgniter\CodeIgniter->run()
 8 SYSTEMPATH\Commands\Server\rewrite.php(47): require_once('F:\\Mizanur_Rahman_1277622\\XAMPP_7.4.3\\htdocs\\codeigniter\\ci_project1\\public\\index.php')
INFO - 2023-12-04 04:49:39 --> Session: Class initialized using 'CodeIgniter\Session\Handlers\FileHandler' driver.
INFO - 2023-12-04 04:49:42 --> Session: Class initialized using 'CodeIgniter\Session\Handlers\FileHandler' driver.
INFO - 2023-12-04 04:49:44 --> Session: Class initialized using 'CodeIgniter\Session\Handlers\FileHandler' driver.
INFO - 2023-12-04 04:49:55 --> Session: Class initialized using 'CodeIgniter\Session\Handlers\FileHandler' driver.
INFO - 2023-12-04 04:49:58 --> Session: Class initialized using 'CodeIgniter\Session\Handlers\FileHandler' driver.
INFO - 2023-12-04 04:50:15 --> Session: Class initialized using 'CodeIgniter\Session\Handlers\FileHandler' driver.
INFO - 2023-12-04 04:50:17 --> Session: Class initialized using 'CodeIgniter\Session\Handlers\FileHandler' driver.
INFO - 2023-12-04 04:50:19 --> Session: Class initialized using 'CodeIgniter\Session\Handlers\FileHandler' driver.
INFO - 2023-12-04 04:50:42 --> Session: Class initialized using 'CodeIgniter\Session\Handlers\FileHandler' driver.
INFO - 2023-12-04 04:50:43 --> Session: Class initialized using 'CodeIgniter\Session\Handlers\FileHandler' driver.
INFO - 2023-12-04 04:51:11 --> Session: Class initialized using 'CodeIgniter\Session\Handlers\FileHandler' driver.
INFO - 2023-12-04 04:51:13 --> Session: Class initialized using 'CodeIgniter\Session\Handlers\FileHandler' driver.
INFO - 2023-12-04 04:51:15 --> Session: Class initialized using 'CodeIgniter\Session\Handlers\FileHandler' driver.
INFO - 2023-12-04 04:51:24 --> Session: Class initialized using 'CodeIgniter\Session\Handlers\FileHandler' driver.
INFO - 2023-12-04 04:51:36 --> Session: Class initialized using 'CodeIgniter\Session\Handlers\FileHandler' driver.
INFO - 2023-12-04 04:51:37 --> Session: Class initialized using 'CodeIgniter\Session\Handlers\FileHandler' driver.
INFO - 2023-12-04 04:52:24 --> Session: Class initialized using 'CodeIgniter\Session\Handlers\FileHandler' driver.
INFO - 2023-12-04 04:52:25 --> Session: Class initialized using 'CodeIgniter\Session\Handlers\FileHandler' driver.
INFO - 2023-12-04 04:52:34 --> Session: Class initialized using 'CodeIgniter\Session\Handlers\FileHandler' driver.
INFO - 2023-12-04 04:52:38 --> Session: Class initialized using 'CodeIgniter\Session\Handlers\FileHandler' driver.
INFO - 2023-12-04 04:52:53 --> Session: Class initialized using 'CodeIgniter\Session\Handlers\FileHandler' driver.
INFO - 2023-12-04 04:52:55 --> Session: Class initialized using 'CodeIgniter\Session\Handlers\FileHandler' driver.
INFO - 2023-12-04 04:53:06 --> Session: Class initialized using 'CodeIgniter\Session\Handlers\FileHandler' driver.
INFO - 2023-12-04 04:53:17 --> Session: Class initialized using 'CodeIgniter\Session\Handlers\FileHandler' driver.
INFO - 2023-12-04 04:53:19 --> Session: Class initialized using 'CodeIgniter\Session\Handlers\FileHandler' driver.
INFO - 2023-12-04 04:53:41 --> Session: Class initialized using 'CodeIgniter\Session\Handlers\FileHandler' driver.
INFO - 2023-12-04 04:53:43 --> Session: Class initialized using 'CodeIgniter\Session\Handlers\FileHandler' driver.
